Search path: /opt/lampp/htdocs/instant
No config files found.
Angular Language Service: 6.1.4
TypeScript: 2.7.2
getTemplateReferences: 218ms
getHoverAt: 1ms
getDiagnostics: 5ms
getHoverAt: 1ms
getHoverAt: 1ms
getHoverAt: 0ms
remove project: /opt/lampp/htdocs/instant/main.html
Search path: /opt/lampp/htdocs/instant
No config files found.
Angular Language Service: 6.1.4
TypeScript: 2.7.2
getTemplateReferences: 162ms
remove project: /opt/lampp/htdocs/instant/index.html
Search path: /opt/lampp/htdocs/instant
No config files found.
Angular Language Service: 6.1.4
TypeScript: 2.7.2
getTemplateReferences: 69ms
getDiagnostics: 2ms
getHoverAt: 1ms
getDiagnostics: 12ms
remove project: /opt/lampp/htdocs/instant/main.html
Search path: /opt/lampp/htdocs/instant
No config files found.
Angular Language Service: 6.1.4
TypeScript: 2.7.2
getTemplateReferences: 54ms
updating project structure from ...
getTemplateReferences: 0ms
updated: ng - 0ms
getDiagnostics: 2ms
getHoverAt: 2ms
getDiagnostics: 10ms
updating project structure from ...
getTemplateReferences: 0ms
updated: ng - 58ms
getHoverAt: 1ms
getHoverAt: 0ms
getHoverAt: 1ms
getHoverAt: 1ms
getHoverAt: 0ms
getHoverAt: 1ms
getHoverAt: 1ms
getDiagnostics: 23ms
getDiagnostics: 16ms
updating project structure from ...
getTemplateReferences: 0ms
updated: ng - 99ms
getHoverAt: 1ms
getHoverAt: 1ms
getHoverAt: 29ms
getHoverAt: 31ms
getDiagnostics: 77ms
getHoverAt: 0ms
getHoverAt: 1ms
updating project structure from ...
getTemplateReferences: 0ms
updated: ng - 0ms
getHoverAt: 1ms
getHoverAt: 1ms
getHoverAt: 1ms
getDiagnostics: 17ms
updating project structure from ...
getTemplateReferences: 0ms
updated: ng - 67ms
getHoverAt: 0ms
getHoverAt: 0ms
getHoverAt: 1ms
getHoverAt: 1ms
getHoverAt: 1ms
getHoverAt: 1ms
getHoverAt: 1ms
getHoverAt: 1ms
getHoverAt: 1ms
getHoverAt: 3ms
remove project: /opt/lampp/htdocs/instant/main.html
Search path: /opt/lampp/htdocs/instant
No config files found.
Angular Language Service: 6.1.4
TypeScript: 2.7.2
getTemplateReferences: 101ms
getHoverAt: 1ms
getDiagnostics: 3ms
getDiagnostics: 21ms
getCompletions: 4ms
getDiagnostics: 6ms
getDiagnostics: 4ms
getDiagnostics: 8ms
getCompletions: 29ms
getDiagnostics: 9ms
getDiagnostics: 18ms
updating project structure from ...
getTemplateReferences: 0ms
updated: ng - 61ms
remove project: /opt/lampp/htdocs/instant/main.html
Search path: /opt/lampp/htdocs/instant
No config files found.
Angular Language Service: 6.1.4
TypeScript: 2.7.2
getTemplateReferences: 53ms
getDiagnostics: 2ms
getHoverAt: 1ms
getHoverAt: 0ms
getHoverAt: 1ms
getHoverAt: 1ms
getHoverAt: 1ms
getHoverAt: 0ms
getDiagnostics: 30ms
updating project structure from ...
getTemplateReferences: 0ms
updated: ng - 67ms
getHoverAt: 1ms
getHoverAt: 1ms
getHoverAt: 0ms
getHoverAt: 1ms
getHoverAt: 0ms
getHoverAt: 1ms
getHoverAt: 2ms
getHoverAt: 1ms
getCompletions: 15ms
getCompletions: 12ms
getCompletions: 9ms
getDiagnostics: 37ms
updating project structure from ...
getTemplateReferences: 0ms
updated: ng - 0ms
getHoverAt: 2ms
getHoverAt: 1ms
getHoverAt: 1ms
getHoverAt: 1ms
remove project: /opt/lampp/htdocs/instant/main.html
Search path: /opt/lampp/htdocs/instant
No config files found.
Angular Language Service: 6.1.4
TypeScript: 2.7.2
getTemplateReferences: 68ms
getHoverAt: 1ms
getDiagnostics: 2ms
getHoverAt: 1ms
getHoverAt: 1ms
getHoverAt: 0ms
getHoverAt: 1ms
getHoverAt: 1ms
getHoverAt: 1ms
getHoverAt: 2ms
getHoverAt: 4ms
getHoverAt: 1ms
getHoverAt: 1ms
getHoverAt: 0ms
getHoverAt: 1ms
getHoverAt: 0ms
getHoverAt: 4ms
getHoverAt: 0ms
getHoverAt: 0ms
getHoverAt: 1ms
getDiagnostics: 8ms
updating project structure from ...
getTemplateReferences: 0ms
updated: ng - 76ms
getCompletions: 13ms
getDiagnostics: 104ms
updating project structure from ...
getTemplateReferences: 0ms
updated: ng - 0ms
getHoverAt: 1ms
getCompletions: 18ms
getCompletions: 19ms
getCompletions: 32ms
getCompletions: 15ms
getCompletions: 36ms
getCompletions: 34ms
getDiagnostics: 6ms
updating project structure from ...
getTemplateReferences: 0ms
updated: ng - 32ms
getHoverAt: 0ms
getHoverAt: 1ms
getDefinitionAt: 1ms
getHoverAt: 1ms
getHoverAt: 0ms
getHoverAt: 1ms
getHoverAt: 1ms
getHoverAt: 0ms
getHoverAt: 1ms
getDefinitionAt: 1ms
getHoverAt: 1ms
getCompletions: 4ms
getDiagnostics: 87ms
getCompletions: 8ms
getCompletions: 14ms
getCompletions: 13ms
getCompletions: 5ms
getCompletions: 7ms
getCompletions: 6ms
getCompletions: 11ms
getCompletions: 13ms
getCompletions: 14ms
getCompletions: 6ms
getCompletions: 12ms
getCompletions: 7ms
getCompletions: 10ms
getCompletions: 8ms
getCompletions: 11ms
getCompletions: 6ms
getCompletions: 6ms
getCompletions: 6ms
getCompletions: 5ms
getCompletions: 4ms
getCompletions: 9ms
getCompletions: 10ms
getCompletions: 6ms
getCompletions: 5ms
getCompletions: 6ms
getCompletions: 6ms
getCompletions: 7ms
getCompletions: 7ms
getCompletions: 4ms
getDiagnostics: 27ms
updating project structure from ...
getTemplateReferences: 0ms
updated: ng - 58ms
getDiagnostics: 53ms
updating project structure from ...
getTemplateReferences: 0ms
updated: ng - 0ms
getDiagnostics: 5ms
updating project structure from ...
getTemplateReferences: 0ms
updated: ng - 65ms
getHoverAt: 3ms
getHoverAt: 0ms
getHoverAt: 0ms
getHoverAt: 1ms
getHoverAt: 0ms
getHoverAt: 1ms
getHoverAt: 0ms
getHoverAt: 0ms
getHoverAt: 0ms
getHoverAt: 0ms
getHoverAt: 1ms
getHoverAt: 1ms
getHoverAt: 1ms
getHoverAt: 1ms
getDiagnostics: 22ms
updating project structure from ...
getTemplateReferences: 0ms
updated: ng - 0ms
getCompletions: 10ms
getCompletions: 4ms
getDiagnostics: 11ms
getDiagnostics: 6ms
getCompletions: 7ms
getDiagnostics: 4ms
updating project structure from ...
getTemplateReferences: 0ms
updated: ng - 43ms
getDiagnostics: 19ms
updating project structure from ...
getTemplateReferences: 0ms
updated: ng - 0ms
getCompletions: 6ms
getDiagnostics: 5ms
updating project structure from ...
getTemplateReferences: 0ms
updated: ng - 63ms
getDiagnostics: 60ms
getDiagnostics: 7ms
updating project structure from ...
getTemplateReferences: 0ms
updated: ng - 57ms
getCompletions: 5ms
getDiagnostics: 63ms
getDiagnostics: 9ms
getCompletions: 7ms
getDiagnostics: 9ms
updating project structure from ...
getTemplateReferences: 0ms
updated: ng - 41ms
getDiagnostics: 72ms
getDiagnostics: 27ms
updating project structure from ...
getTemplateReferences: 0ms
updated: ng - 54ms
getCompletions: 5ms
getCompletions: 12ms
getCompletions: 3ms
getCompletions: 12ms
getCompletions: 7ms
getCompletions: 6ms
getCompletions: 4ms
getDiagnostics: 16ms
updating project structure from ...
getTemplateReferences: 0ms
updated: ng - 0ms
getDiagnostics: 8ms
updating project structure from ...
getTemplateReferences: 0ms
updated: ng - 40ms
getDiagnostics: 14ms
getDiagnostics: 3ms
getDiagnostics: 6ms
updating project structure from ...
getTemplateReferences: 0ms
updated: ng - 44ms
getCompletions: 5ms
getCompletions: 18ms
getDiagnostics: 17ms
updating project structure from ...
getTemplateReferences: 0ms
updated: ng - 0ms
getCompletions: 7ms
getDiagnostics: 2ms
updating project structure from ...
getTemplateReferences: 0ms
updated: ng - 25ms
getHoverAt: 0ms
remove project: /opt/lampp/htdocs/instant/main.html
Search path: /opt/lampp/htdocs/instant
No config files found.
Angular Language Service: 6.1.4
TypeScript: 2.7.2
getTemplateReferences: 56ms
getDefinitionAt: 0ms
getDiagnostics: 2ms
getHoverAt: 0ms
getHoverAt: 0ms
getHoverAt: 1ms
getHoverAt: 1ms
getHoverAt: 1ms
getHoverAt: 0ms
getHoverAt: 1ms
getHoverAt: 0ms
getHoverAt: 0ms
getHoverAt: 1ms
getHoverAt: 10ms
getCompletions: 11ms
getHoverAt: 0ms
getDiagnostics: 47ms
updating project structure from ...
getTemplateReferences: 0ms
updated: ng - 80ms
getHoverAt: 0ms
getHoverAt: 0ms
getHoverAt: 3ms
getHoverAt: 1ms
getHoverAt: 1ms
getHoverAt: 1ms
getHoverAt: 1ms
getHoverAt: 0ms
getDiagnostics: 28ms
getDiagnostics: 5ms
getHoverAt: 1ms
updating project structure from ...
getTemplateReferences: 0ms
updated: ng - 61ms
getHoverAt: 0ms
getDiagnostics: 16ms
updating project structure from ...
getTemplateReferences: 0ms
updated: ng - 0ms
getDiagnostics: 10ms
updating project structure from ...
getTemplateReferences: 0ms
updated: ng - 23ms
getHoverAt: 1ms
getHoverAt: 1ms
getDiagnostics: 18ms
remove project: /opt/lampp/htdocs/instant/main.html
Search path: /opt/lampp/htdocs/instant
No config files found.
Angular Language Service: 6.1.4
TypeScript: 2.7.2
getTemplateReferences: 99ms
updating project structure from ...
getTemplateReferences: 0ms
updated: ng - 0ms
getDiagnostics: 6ms
getHoverAt: 0ms
getHoverAt: 1ms
getHoverAt: 0ms
getHoverAt: 1ms
getHoverAt: 0ms
getHoverAt: 1ms
getHoverAt: 1ms
getHoverAt: 0ms
getHoverAt: 1ms
getHoverAt: 20ms
getDiagnostics: 2ms
updating project structure from ...
getTemplateReferences: 0ms
updated: ng - 33ms
getCompletions: 12ms
getDiagnostics: 84ms
getDiagnostics: 28ms
updating project structure from ...
getTemplateReferences: 0ms
updated: ng - 18ms
getDiagnostics: 25ms
getDiagnostics: 16ms
getDiagnostics: 7ms
updating project structure from ...
getTemplateReferences: 0ms
updated: ng - 33ms
getCompletions: 10ms
getDiagnostics: 29ms
updating project structure from ...
getTemplateReferences: 0ms
updated: ng - 0ms
getCompletions: 8ms
getDiagnostics: 5ms
updating project structure from ...
getTemplateReferences: 0ms
updated: ng - 61ms
getCompletions: 12ms
getDiagnostics: 45ms
remove project: /opt/lampp/htdocs/instant/main.html
Search path: /opt/lampp/htdocs/instant
No config files found.
Angular Language Service: 6.1.4
TypeScript: 2.7.2
getTemplateReferences: 114ms
updating project structure from ...
getTemplateReferences: 0ms
updated: ng - 0ms
getDiagnostics: 2ms
getHoverAt: 0ms
getDiagnostics: 5ms
remove project: /opt/lampp/htdocs/instant/main.html
Search path: /opt/lampp/htdocs/instant
No config files found.
Angular Language Service: 6.1.4
TypeScript: 2.7.2
getTemplateReferences: 70ms
updating project structure from ...
getTemplateReferences: 0ms
updated: ng - 0ms
getDiagnostics: 2ms
getHoverAt: 6ms
remove project: /opt/lampp/htdocs/instant/main.html
Search path: /opt/lampp/htdocs/instant
No config files found.
Angular Language Service: 6.1.4
TypeScript: 2.7.2
getTemplateReferences: 76ms
getHoverAt: 0ms
updating project structure from ...
getTemplateReferences: 0ms
updated: ng - 0ms
getDiagnostics: 3ms
getHoverAt: 1ms
getHoverAt: 0ms
getDiagnostics: 5ms
updating project structure from ...
getTemplateReferences: 0ms
updated: ng - 16ms
getDiagnostics: 21ms
getDiagnostics: 11ms
getDefinitionAt: 1ms
remove project: /opt/lampp/htdocs/instant/main.html
Search path: /opt/lampp/htdocs/instant
No config files found.
Angular Language Service: 6.1.4
TypeScript: 2.7.2
getTemplateReferences: 95ms
updating project structure from ...
getTemplateReferences: 0ms
updated: ng - 0ms
getDiagnostics: 1ms
getHoverAt: 1ms
getHoverAt: 1ms
getHoverAt: 1ms
getDiagnostics: 5ms
updating project structure from ...
getTemplateReferences: 0ms
updated: ng - 21ms
getDiagnostics: 46ms
remove project: /opt/lampp/htdocs/instant/main.html
Search path: /opt/lampp/htdocs/instant
No config files found.
Angular Language Service: 6.1.4
TypeScript: 2.7.2
getTemplateReferences: 79ms
updating project structure from ...
getTemplateReferences: 0ms
updated: ng - 0ms
getDiagnostics: 5ms
getHoverAt: 1ms
getHoverAt: 1ms
getHoverAt: 1ms
getHoverAt: 1ms
getHoverAt: 22ms
getDiagnostics: 2ms
updating project structure from ...
getTemplateReferences: 0ms
updated: ng - 71ms
getHoverAt: 1ms
getDiagnostics: 25ms
getHoverAt: 1ms
updating project structure from ...
getTemplateReferences: 0ms
updated: ng - 0ms
getDiagnostics: 35ms
getDiagnostics: 23ms
remove project: /opt/lampp/htdocs/instant/main.html
Search path: /opt/lampp/htdocs/instant
No config files found.
Angular Language Service: 6.1.4
TypeScript: 2.7.2
getTemplateReferences: 117ms
updating project structure from ...
getTemplateReferences: 0ms
updated: ng - 0ms
getDiagnostics: 1ms
getHoverAt: 1ms
getHoverAt: 1ms
getHoverAt: 1ms
getHoverAt: 0ms
getDiagnostics: 12ms
getDiagnostics: 13ms
remove project: /opt/lampp/htdocs/instant/main.html
Search path: /opt/lampp/htdocs/instant
No config files found.
Angular Language Service: 6.1.4
TypeScript: 2.7.2
getTemplateReferences: 58ms
updating project structure from ...
getTemplateReferences: 0ms
updated: ng - 0ms
getDiagnostics: 11ms
getHoverAt: 1ms
getHoverAt: 1ms
getHoverAt: 1ms
getHoverAt: 1ms
getHoverAt: 0ms
getHoverAt: 0ms
getCompletions: 9ms
getDiagnostics: 4ms
getCompletions: 10ms
getCompletions: 9ms
getDiagnostics: 3ms
getDiagnostics: 38ms
updating project structure from ...
getTemplateReferences: 0ms
updated: ng - 49ms
getDiagnostics: 22ms
updating project structure from ...
getTemplateReferences: 0ms
updated: ng - 0ms
getCompletions: 8ms
getDiagnostics: 21ms
remove project: /opt/lampp/htdocs/instant/main.html
Search path: /opt/lampp/htdocs/instant
No config files found.
Angular Language Service: 6.1.4
TypeScript: 2.7.2
getTemplateReferences: 84ms
updating project structure from ...
getTemplateReferences: 0ms
updated: ng - 0ms
getDiagnostics: 6ms
getDiagnostics: 18ms
updating project structure from ...
getTemplateReferences: 0ms
updated: ng - 32ms
getDiagnostics: 22ms
updating project structure from ...
getTemplateReferences: 0ms
updated: ng - 0ms
getCompletions: 4ms
getCompletions: 12ms
getDiagnostics: 1ms
getCompletions: 11ms
getCompletions: 7ms
getCompletions: 10ms
getDiagnostics: 3ms
getDiagnostics: 5ms
getDiagnostics: 8ms
getCompletions: 11ms
getCompletions: 6ms
getCompletions: 4ms
getCompletions: 10ms
getDiagnostics: 3ms
remove project: /opt/lampp/htdocs/instant/main.html
Search path: /opt/lampp/htdocs/instant
No config files found.
Angular Language Service: 6.1.4
TypeScript: 2.7.2
getTemplateReferences: 78ms
updating project structure from ...
getTemplateReferences: 0ms
updated: ng - 0ms
getDiagnostics: 3ms
getHoverAt: 1ms
getHoverAt: 0ms
getHoverAt: 0ms
getHoverAt: 0ms
getHoverAt: 0ms
getHoverAt: 0ms
